app/build/intermediates/manifest_merge_blame_file/debug/manifest-merger-blame-debug-report.txt
1<?xml version="1.0" encoding="utf-8"?>
2<manifest xmlns:android="http://schemas.android.com/apk/res/android"
3    package="com.example.gender_rec"
4    android:versionCode="1"
5    android:versionName="1.0" >
6
7    <uses-sdk
8        android:minSdkVersion="21"
8-->src\main\AndroidManifest.xml
9        android:targetSdkVersion="32" />
9-->src\main\AndroidManifest.xml
10
11    <uses-permission android:name="android.permission.INTERNET" />
11-->src\main\AndroidManifest.xml:4:5-66
11-->src\main\AndroidManifest.xml:4:22-64
12    <uses-permission android:name="android.permission.CAMERA" />
12-->src\main\AndroidManifest.xml:5:5-64
12-->src\main\AndroidManifest.xml:5:22-62
13    <uses-permission android:name="android.permission.WRITE_EXTERNAL_STORAGE" />
13-->src\main\AndroidManifest.xml:6:5-80
13-->src\main\AndroidManifest.xml:6:22-78
14
15    <!-- Although the *SdkVersion is captured in gradle build files, this is required for non gradle builds -->
16    <!-- <uses-sdk android:minSdkVersion="14"/> -->
17    <uses-permission android:name="android.permission.ACCESS_NETWORK_STATE" />
17-->[com.google.firebase:firebase-storage:20.0.1] AndroidManifest.xml:26:5-79
17-->[com.google.firebase:firebase-storage:20.0.1] AndroidManifest.xml:26:22-76
18
19    <application
19-->src\main\AndroidManifest.xml:8:5-24:19
20        android:allowBackup="true"
20-->src\main\AndroidManifest.xml:9:9-35
21        android:appComponentFactory="androidx.core.app.CoreComponentFactory"
21-->[androidx.core:core:1.7.0] AndroidManifest.xml:24:18-86
22        android:debuggable="true"
23        android:icon="@mipmap/ic_launcher"
23-->src\main\AndroidManifest.xml:10:9-43
24        android:label="@string/app_name"
24-->src\main\AndroidManifest.xml:11:9-41
25        android:roundIcon="@mipmap/ic_launcher_round"
25-->src\main\AndroidManifest.xml:12:9-54
26        android:supportsRtl="true"
26-->src\main\AndroidManifest.xml:13:9-35
27        android:testOnly="true"
28        android:theme="@style/Theme.Gender_Rec" >
28-->src\main\AndroidManifest.xml:14:9-48
29        <activity
29-->src\main\AndroidManifest.xml:15:9-23:20
30            android:name="com.example.gender_rec.MainActivity"
30-->src\main\AndroidManifest.xml:16:13-41
31            android:exported="true" >
31-->src\main\AndroidManifest.xml:17:13-36
32            <intent-filter>
32-->src\main\AndroidManifest.xml:18:13-22:29
33                <action android:name="android.intent.action.MAIN" />
33-->src\main\AndroidManifest.xml:19:17-69
33-->src\main\AndroidManifest.xml:19:25-66
34
35                <category android:name="android.intent.category.LAUNCHER" />
35-->src\main\AndroidManifest.xml:21:17-77
35-->src\main\AndroidManifest.xml:21:27-74
36            </intent-filter>
37        </activity>
38
39        <service
39-->[com.google.firebase:firebase-storage:20.0.1] AndroidManifest.xml:30:9-36:19
40            android:name="com.google.firebase.components.ComponentDiscoveryService"
40-->[com.google.firebase:firebase-storage:20.0.1] AndroidManifest.xml:31:13-84
41            android:directBootAware="true"
41-->[com.google.firebase:firebase-common:20.1.0] AndroidManifest.xml:35:13-43
42            android:exported="false" >
42-->[com.google.firebase:firebase-storage:20.0.1] AndroidManifest.xml:32:13-37
43            <meta-data
43-->[com.google.firebase:firebase-storage:20.0.1] AndroidManifest.xml:33:13-35:85
44                android:name="com.google.firebase.components:com.google.firebase.storage.StorageRegistrar"
44-->[com.google.firebase:firebase-storage:20.0.1] AndroidManifest.xml:34:17-107
45                android:value="com.google.firebase.components.ComponentRegistrar" />
45-->[com.google.firebase:firebase-storage:20.0.1] AndroidManifest.xml:35:17-82
46        </service>
47
48        <provider
48-->[com.squareup.picasso:picasso:2.71828] AndroidManifest.xml:8:9-11:40
49            android:name="com.squareup.picasso.PicassoProvider"
49-->[com.squareup.picasso:picasso:2.71828] AndroidManifest.xml:9:13-64
50            android:authorities="com.example.gender_rec.com.squareup.picasso"
50-->[com.squareup.picasso:picasso:2.71828] AndroidManifest.xml:10:13-72
51            android:exported="false" />
51-->[com.squareup.picasso:picasso:2.71828] AndroidManifest.xml:11:13-37
52
53        <activity
53-->[com.google.android.gms:play-services-base:18.0.1] AndroidManifest.xml:20:9-22:45
54            android:name="com.google.android.gms.common.api.GoogleApiActivity"
54-->[com.google.android.gms:play-services-base:18.0.1] AndroidManifest.xml:20:19-85
55            android:exported="false"
55-->[com.google.android.gms:play-services-base:18.0.1] AndroidManifest.xml:22:19-43
56            android:theme="@android:style/Theme.Translucent.NoTitleBar" />
56-->[com.google.android.gms:play-services-base:18.0.1] AndroidManifest.xml:21:19-78
57
58        <provider
58-->[com.google.firebase:firebase-common:20.1.0] AndroidManifest.xml:26:9-31:39
59            android:name="com.google.firebase.provider.FirebaseInitProvider"
59-->[com.google.firebase:firebase-common:20.1.0] AndroidManifest.xml:27:13-77
60            android:authorities="com.example.gender_rec.firebaseinitprovider"
60-->[com.google.firebase:firebase-common:20.1.0] AndroidManifest.xml:28:13-72
61            android:directBootAware="true"
61-->[com.google.firebase:firebase-common:20.1.0] AndroidManifest.xml:29:13-43
62            android:exported="false"
62-->[com.google.firebase:firebase-common:20.1.0] AndroidManifest.xml:30:13-37
63            android:initOrder="100" />
63-->[com.google.firebase:firebase-common:20.1.0] AndroidManifest.xml:31:13-36
64
65        <meta-data
65-->[com.google.android.gms:play-services-basement:18.0.0] AndroidManifest.xml:21:9-23:69
66            android:name="com.google.android.gms.version"
66-->[com.google.android.gms:play-services-basement:18.0.0] AndroidManifest.xml:22:13-58
67            android:value="@integer/google_play_services_version" />
67-->[com.google.android.gms:play-services-basement:18.0.0] AndroidManifest.xml:23:13-66
68
69        <provider
69-->[androidx.emoji2:emoji2:1.0.0] AndroidManifest.xml:26:9-34:20
70            android:name="androidx.startup.InitializationProvider"
70-->[androidx.emoji2:emoji2:1.0.0] AndroidManifest.xml:27:13-67
71            android:authorities="com.example.gender_rec.androidx-startup"
71-->[androidx.emoji2:emoji2:1.0.0] AndroidManifest.xml:28:13-68
72            android:exported="false" >
72-->[androidx.emoji2:emoji2:1.0.0] AndroidManifest.xml:29:13-37
73            <meta-data
73-->[androidx.emoji2:emoji2:1.0.0] AndroidManifest.xml:31:13-33:52
74                android:name="androidx.emoji2.text.EmojiCompatInitializer"
74-->[androidx.emoji2:emoji2:1.0.0] AndroidManifest.xml:32:17-75
75                android:value="androidx.startup" />
75-->[androidx.emoji2:emoji2:1.0.0] AndroidManifest.xml:33:17-49
76            <meta-data
76-->[androidx.lifecycle:lifecycle-process:2.4.0] AndroidManifest.xml:31:13-33:52
77                android:name="androidx.lifecycle.ProcessLifecycleInitializer"
77-->[androidx.lifecycle:lifecycle-process:2.4.0] AndroidManifest.xml:32:17-78
78                android:value="androidx.startup" />
78-->[androidx.lifecycle:lifecycle-process:2.4.0] AndroidManifest.xml:33:17-49
79        </provider>
80    </application>
81
82</manifest>